<?xml version="1.0" encoding="UTF-8"?>
<!-- Generated by org.testng.reporters.JUnitXMLReporter -->
<testsuite ignored="0" hostname="shaanu" failures="0" tests="20" name="Test" time="311.51" errors="0" timestamp="2026-06-13T22:19:43 IST">
  <testcase classname="Tests.TC02_GenderSelectionTest" name="verifyGenderSelection" time="2.147"/>
  <testcase classname="Tests.TC11_BrowserTabTest" name="TC11_VerifyBrowserTabHandling" time="6.244"/>
  <testcase classname="Tests.TC20_PaginationTableTest" name="TC20_VerifyPaginationTable" time="8.367"/>
  <testcase classname="Tests.TC12_MouseHoverTest" name="TC12_VerifyMouseHover" time="2.173"/>
  <testcase classname="Tests.TC16_MultipleFileUploadTest" name="TC16_VerifyMultipleFileUpload" time="2.063"/>
  <testcase classname="Tests.TC14_DragAndDropTest" name="TC14_VerifyDragAndDropAction" time="2.29"/>
  <testcase classname="Tests.TC07_DatePickerTest" name="verifyDatePicker" time="4.215"/>
  <testcase classname="Tests.TC19_DynamicTableTest" name="TC19_VerifyDynamicWebTable" time="2.04"/>
  <testcase classname="Tests.TC10_PromptAlertTest" name="verifyPromptAlert" time="2.126"/>
  <testcase classname="Tests.TC15_SingleFileUploadTest" name="TC15_VerifySingleFileUpload" time="2.057"/>
  <testcase classname="Tests.TC18_StaticTableTest" name="TC18_VerifyStaticWebTable" time="2.026"/>
  <testcase classname="Tests.TC13_DoubleClickTest" name="TC13_VerifyDoubleClickAction" time="2.167"/>
  <testcase classname="Tests.TC08_SimpleAlertTest" name="verifySimpleAlert" time="2.102"/>
  <testcase classname="Tests.TC05_ColorMultiSelectTest" name="verifyColorMultiSelect" time="4.251"/>
  <testcase classname="Tests.TC09_ConfirmationAlertTest" name="verifyConfirmationAlert" time="2.112"/>
  <testcase classname="Tests.TC06_AnimalDropdownTest" name="verifyAnimalDropdown" time="2.128"/>
  <testcase classname="Tests.TC17_SliderTest" name="TC17_VerifySliderFunctionality" time="4.396"/>
  <testcase classname="Tests.TC01_UserinformationTest" name="verifyUserInformation" time="8.426"/>
  <testcase classname="Tests.TC03_WeekDaysSelectionTest" name="verifyWeekDaysSelection" time="6.303"/>
  <testcase classname="Tests.TC04_CountryDropdownTest" name="verifyCountryDropdown" time="2.124"/>
</testsuite> <!-- Test -->
