<?xml version="1.0" encoding="UTF-8"?>
<testng-results ignored="0" total="20" passed="20" failed="0" skipped="0">
  <reporter-output>
  </reporter-output>
  <suite started-at="2026-06-13T22:14:32 IST" name="Suite" finished-at="2026-06-13T22:19:43 IST" duration-ms="311510">
    <groups>
    </groups>
    <test started-at="2026-06-13T22:14:32 IST" name="Test" finished-at="2026-06-13T22:19:43 IST" duration-ms="311510">
      <class name="Tests.TC13_DoubleClickTest">
        <test-method is-config="true" signature="setUp()[pri:0, instance:Tests.TC13_DoubleClickTest@247bddad]" started-at="2026-06-13T22:17:18 IST" name="setUp" finished-at="2026-06-13T22:17:29 IST" duration-ms="10560" status="PASS">
          <reporter-output>
          </reporter-output>
        </test-method> <!-- setUp -->
        <test-method signature="TC13_VerifyDoubleClickAction()[pri:13, instance:Tests.TC13_DoubleClickTest@247bddad]" started-at="2026-06-13T22:17:29 IST" name="TC13_VerifyDoubleClickAction" finished-at="2026-06-13T22:17:31 IST" duration-ms="2167" status="PASS">
          <reporter-output>
          </reporter-output>
        </test-method> <!-- TC13_VerifyDoubleClickAction -->
        <test-method is-config="true" signature="tearDown()[pri:0, instance:Tests.TC13_DoubleClickTest@247bddad]" started-at="2026-06-13T22:17:31 IST" name="tearDown" finished-at="2026-06-13T22:17:31 IST" duration-ms="0" status="PASS">
          <reporter-output>
          </reporter-output>
        </test-method> <!-- tearDown -->
      </class> <!-- Tests.TC13_DoubleClickTest -->
      <class name="Tests.TC05_ColorMultiSelectTest">
        <test-method is-config="true" signature="setUp()[pri:0, instance:Tests.TC05_ColorMultiSelectTest@7770f470]" started-at="2026-06-13T22:17:57 IST" name="setUp" finished-at="2026-06-13T22:18:12 IST" duration-ms="15550" status="PASS">
          <reporter-output>
          </reporter-output>
        </test-method> <!-- setUp -->
        <test-method signature="verifyColorMultiSelect()[pri:5, instance:Tests.TC05_ColorMultiSelectTest@7770f470]" started-at="2026-06-13T22:18:12 IST" name="verifyColorMultiSelect" finished-at="2026-06-13T22:18:17 IST" duration-ms="4251" status="PASS">
          <reporter-output>
          </reporter-output>
        </test-method> <!-- verifyColorMultiSelect -->
        <test-method is-config="true" signature="tearDown()[pri:0, instance:Tests.TC05_ColorMultiSelectTest@7770f470]" started-at="2026-06-13T22:18:17 IST" name="tearDown" finished-at="2026-06-13T22:18:17 IST" duration-ms="0" status="PASS">
          <reporter-output>
          </reporter-output>
        </test-method> <!-- tearDown -->
      </class> <!-- Tests.TC05_ColorMultiSelectTest -->
      <class name="Tests.TC08_SimpleAlertTest">
        <test-method is-config="true" signature="setUp()[pri:0, instance:Tests.TC08_SimpleAlertTest@d35dea7]" started-at="2026-06-13T22:17:31 IST" name="setUp" finished-at="2026-06-13T22:17:55 IST" duration-ms="23940" status="PASS">
          <reporter-output>
          </reporter-output>
        </test-method> <!-- setUp -->
        <test-method signature="verifySimpleAlert()[pri:8, instance:Tests.TC08_SimpleAlertTest@d35dea7]" started-at="2026-06-13T22:17:55 IST" name="verifySimpleAlert" finished-at="2026-06-13T22:17:57 IST" duration-ms="2102" status="PASS">
          <reporter-output>
          </reporter-output>
        </test-method> <!-- verifySimpleAlert -->
        <test-method is-config="true" signature="tearDown()[pri:0, instance:Tests.TC08_SimpleAlertTest@d35dea7]" started-at="2026-06-13T22:17:57 IST" name="tearDown" finished-at="2026-06-13T22:17:57 IST" duration-ms="0" status="PASS">
          <reporter-output>
          </reporter-output>
        </test-method> <!-- tearDown -->
      </class> <!-- Tests.TC08_SimpleAlertTest -->
      <class name="Tests.TC17_SliderTest">
        <test-method is-config="true" signature="setUp()[pri:0, instance:Tests.TC17_SliderTest@7d20d0b]" started-at="2026-06-13T22:18:33 IST" name="setUp" finished-at="2026-06-13T22:18:39 IST" duration-ms="5704" status="PASS">
          <reporter-output>
          </reporter-output>
        </test-method> <!-- setUp -->
        <test-method signature="TC17_VerifySliderFunctionality()[pri:17, instance:Tests.TC17_SliderTest@7d20d0b]" started-at="2026-06-13T22:18:39 IST" name="TC17_VerifySliderFunctionality" finished-at="2026-06-13T22:18:43 IST" duration-ms="4396" status="PASS">
          <reporter-output>
          </reporter-output>
        </test-method> <!-- TC17_VerifySliderFunctionality -->
        <test-method is-config="true" signature="tearDown()[pri:0, instance:Tests.TC17_SliderTest@7d20d0b]" started-at="2026-06-13T22:18:43 IST" name="tearDown" finished-at="2026-06-13T22:18:43 IST" duration-ms="0" status="PASS">
          <reporter-output>
          </reporter-output>
        </test-method> <!-- tearDown -->
      </class> <!-- Tests.TC17_SliderTest -->
      <class name="Tests.TC06_AnimalDropdownTest">
        <test-method is-config="true" signature="setUp()[pri:0, instance:Tests.TC06_AnimalDropdownTest@24313fcc]" started-at="2026-06-13T22:18:26 IST" name="setUp" finished-at="2026-06-13T22:18:31 IST" duration-ms="5393" status="PASS">
          <reporter-output>
          </reporter-output>
        </test-method> <!-- setUp -->
        <test-method signature="verifyAnimalDropdown()[pri:6, instance:Tests.TC06_AnimalDropdownTest@24313fcc]" started-at="2026-06-13T22:18:31 IST" name="verifyAnimalDropdown" finished-at="2026-06-13T22:18:33 IST" duration-ms="2128" status="PASS">
          <reporter-output>
          </reporter-output>
        </test-method> <!-- verifyAnimalDropdown -->
        <test-method is-config="true" signature="tearDown()[pri:0, instance:Tests.TC06_AnimalDropdownTest@24313fcc]" started-at="2026-06-13T22:18:33 IST" name="tearDown" finished-at="2026-06-13T22:18:33 IST" duration-ms="1" status="PASS">
          <reporter-output>
          </reporter-output>
        </test-method> <!-- tearDown -->
      </class> <!-- Tests.TC06_AnimalDropdownTest -->
      <class name="Tests.TC03_WeekDaysSelectionTest">
        <test-method is-config="true" signature="setUp()[pri:0, instance:Tests.TC03_WeekDaysSelectionTest@41a2befb]" started-at="2026-06-13T22:19:03 IST" name="setUp" finished-at="2026-06-13T22:19:19 IST" duration-ms="16275" status="PASS">
          <reporter-output>
          </reporter-output>
        </test-method> <!-- setUp -->
        <test-method signature="verifyWeekDaysSelection()[pri:3, instance:Tests.TC03_WeekDaysSelectionTest@41a2befb]" started-at="2026-06-13T22:19:19 IST" name="verifyWeekDaysSelection" finished-at="2026-06-13T22:19:25 IST" duration-ms="6303" status="PASS">
          <reporter-output>
          </reporter-output>
        </test-method> <!-- verifyWeekDaysSelection -->
        <test-method is-config="true" signature="tearDown()[pri:0, instance:Tests.TC03_WeekDaysSelectionTest@41a2befb]" started-at="2026-06-13T22:19:25 IST" name="tearDown" finished-at="2026-06-13T22:19:25 IST" duration-ms="0" status="PASS">
          <reporter-output>
          </reporter-output>
        </test-method> <!-- tearDown -->
      </class> <!-- Tests.TC03_WeekDaysSelectionTest -->
      <class name="Tests.TC04_CountryDropdownTest">
        <test-method is-config="true" signature="setUp()[pri:0, instance:Tests.TC04_CountryDropdownTest@6c40365c]" started-at="2026-06-13T22:19:25 IST" name="setUp" finished-at="2026-06-13T22:19:41 IST" duration-ms="15745" status="PASS">
          <reporter-output>
          </reporter-output>
        </test-method> <!-- setUp -->
        <test-method signature="verifyCountryDropdown()[pri:4, instance:Tests.TC04_CountryDropdownTest@6c40365c]" started-at="2026-06-13T22:19:41 IST" name="verifyCountryDropdown" finished-at="2026-06-13T22:19:43 IST" duration-ms="2124" status="PASS">
          <reporter-output>
          </reporter-output>
        </test-method> <!-- verifyCountryDropdown -->
        <test-method is-config="true" signature="tearDown()[pri:0, instance:Tests.TC04_CountryDropdownTest@6c40365c]" started-at="2026-06-13T22:19:43 IST" name="tearDown" finished-at="2026-06-13T22:19:43 IST" duration-ms="1" status="PASS">
          <reporter-output>
          </reporter-output>
        </test-method> <!-- tearDown -->
      </class> <!-- Tests.TC04_CountryDropdownTest -->
      <class name="Tests.TC02_GenderSelectionTest">
        <test-method is-config="true" signature="setUp()[pri:0, instance:Tests.TC02_GenderSelectionTest@2f4948e4]" started-at="2026-06-13T22:14:32 IST" name="setUp" finished-at="2026-06-13T22:14:41 IST" duration-ms="9541" status="PASS">
          <reporter-output>
          </reporter-output>
        </test-method> <!-- setUp -->
        <test-method signature="verifyGenderSelection()[pri:2, instance:Tests.TC02_GenderSelectionTest@2f4948e4]" started-at="2026-06-13T22:14:41 IST" name="verifyGenderSelection" finished-at="2026-06-13T22:14:43 IST" duration-ms="2147" status="PASS">
          <reporter-output>
          </reporter-output>
        </test-method> <!-- verifyGenderSelection -->
        <test-method is-config="true" signature="tearDown()[pri:0, instance:Tests.TC02_GenderSelectionTest@2f4948e4]" started-at="2026-06-13T22:14:43 IST" name="tearDown" finished-at="2026-06-13T22:14:43 IST" duration-ms="1" status="PASS">
          <reporter-output>
          </reporter-output>
        </test-method> <!-- tearDown -->
      </class> <!-- Tests.TC02_GenderSelectionTest -->
      <class name="Tests.TC01_UserinformationTest">
        <test-method is-config="true" signature="setUp()[pri:0, instance:Tests.TC01_UserinformationTest@77f1baf5]" started-at="2026-06-13T22:18:43 IST" name="setUp" finished-at="2026-06-13T22:18:54 IST" duration-ms="10976" status="PASS">
          <reporter-output>
          </reporter-output>
        </test-method> <!-- setUp -->
        <test-method signature="verifyUserInformation()[pri:1, instance:Tests.TC01_UserinformationTest@77f1baf5]" started-at="2026-06-13T22:18:54 IST" name="verifyUserInformation" finished-at="2026-06-13T22:19:03 IST" duration-ms="8426" status="PASS">
          <reporter-output>
          </reporter-output>
        </test-method> <!-- verifyUserInformation -->
        <test-method is-config="true" signature="tearDown()[pri:0, instance:Tests.TC01_UserinformationTest@77f1baf5]" started-at="2026-06-13T22:19:03 IST" name="tearDown" finished-at="2026-06-13T22:19:03 IST" duration-ms="1" status="PASS">
          <reporter-output>
          </reporter-output>
        </test-method> <!-- tearDown -->
      </class> <!-- Tests.TC01_UserinformationTest -->
      <class name="Tests.TC15_SingleFileUploadTest">
        <test-method is-config="true" signature="setUp()[pri:0, instance:Tests.TC15_SingleFileUploadTest@3bd82cf5]" started-at="2026-06-13T22:16:39 IST" name="setUp" finished-at="2026-06-13T22:16:58 IST" duration-ms="18943" status="PASS">
          <reporter-output>
          </reporter-output>
        </test-method> <!-- setUp -->
        <test-method signature="TC15_VerifySingleFileUpload()[pri:15, instance:Tests.TC15_SingleFileUploadTest@3bd82cf5]" started-at="2026-06-13T22:16:58 IST" name="TC15_VerifySingleFileUpload" finished-at="2026-06-13T22:17:00 IST" duration-ms="2057" status="PASS">
          <reporter-output>
          </reporter-output>
        </test-method> <!-- TC15_VerifySingleFileUpload -->
        <test-method is-config="true" signature="tearDown()[pri:0, instance:Tests.TC15_SingleFileUploadTest@3bd82cf5]" started-at="2026-06-13T22:17:00 IST" name="tearDown" finished-at="2026-06-13T22:17:00 IST" duration-ms="1" status="PASS">
          <reporter-output>
          </reporter-output>
        </test-method> <!-- tearDown -->
      </class> <!-- Tests.TC15_SingleFileUploadTest -->
      <class name="Tests.TC10_PromptAlertTest">
        <test-method is-config="true" signature="setUp()[pri:0, instance:Tests.TC10_PromptAlertTest@fa4c865]" started-at="2026-06-13T22:16:32 IST" name="setUp" finished-at="2026-06-13T22:16:37 IST" duration-ms="4771" status="PASS">
          <reporter-output>
          </reporter-output>
        </test-method> <!-- setUp -->
        <test-method signature="verifyPromptAlert()[pri:10, instance:Tests.TC10_PromptAlertTest@fa4c865]" started-at="2026-06-13T22:16:37 IST" name="verifyPromptAlert" finished-at="2026-06-13T22:16:39 IST" duration-ms="2126" status="PASS">
          <reporter-output>
          </reporter-output>
        </test-method> <!-- verifyPromptAlert -->
        <test-method is-config="true" signature="tearDown()[pri:0, instance:Tests.TC10_PromptAlertTest@fa4c865]" started-at="2026-06-13T22:16:39 IST" name="tearDown" finished-at="2026-06-13T22:16:39 IST" duration-ms="1" status="PASS">
          <reporter-output>
          </reporter-output>
        </test-method> <!-- tearDown -->
      </class> <!-- Tests.TC10_PromptAlertTest -->
      <class name="Tests.TC09_ConfirmationAlertTest">
        <test-method is-config="true" signature="setUp()[pri:0, instance:Tests.TC09_ConfirmationAlertTest@5e5d171f]" started-at="2026-06-13T22:18:17 IST" name="setUp" finished-at="2026-06-13T22:18:24 IST" duration-ms="6929" status="PASS">
          <reporter-output>
          </reporter-output>
        </test-method> <!-- setUp -->
        <test-method signature="verifyConfirmationAlert()[pri:9, instance:Tests.TC09_ConfirmationAlertTest@5e5d171f]" started-at="2026-06-13T22:18:24 IST" name="verifyConfirmationAlert" finished-at="2026-06-13T22:18:26 IST" duration-ms="2112" status="PASS">
          <reporter-output>
          </reporter-output>
        </test-method> <!-- verifyConfirmationAlert -->
        <test-method is-config="true" signature="tearDown()[pri:0, instance:Tests.TC09_ConfirmationAlertTest@5e5d171f]" started-at="2026-06-13T22:18:26 IST" name="tearDown" finished-at="2026-06-13T22:18:26 IST" duration-ms="0" status="PASS">
          <reporter-output>
          </reporter-output>
        </test-method> <!-- tearDown -->
      </class> <!-- Tests.TC09_ConfirmationAlertTest -->
      <class name="Tests.TC07_DatePickerTest">
        <test-method is-config="true" signature="setUp()[pri:0, instance:Tests.TC07_DatePickerTest@b2c9a9c]" started-at="2026-06-13T22:15:53 IST" name="setUp" finished-at="2026-06-13T22:16:05 IST" duration-ms="12582" status="PASS">
          <reporter-output>
          </reporter-output>
        </test-method> <!-- setUp -->
        <test-method signature="verifyDatePicker()[pri:7, instance:Tests.TC07_DatePickerTest@b2c9a9c]" started-at="2026-06-13T22:16:05 IST" name="verifyDatePicker" finished-at="2026-06-13T22:16:09 IST" duration-ms="4215" status="PASS">
          <reporter-output>
          </reporter-output>
        </test-method> <!-- verifyDatePicker -->
        <test-method is-config="true" signature="tearDown()[pri:0, instance:Tests.TC07_DatePickerTest@b2c9a9c]" started-at="2026-06-13T22:16:09 IST" name="tearDown" finished-at="2026-06-13T22:16:09 IST" duration-ms="0" status="PASS">
          <reporter-output>
          </reporter-output>
        </test-method> <!-- tearDown -->
      </class> <!-- Tests.TC07_DatePickerTest -->
      <class name="Tests.TC12_MouseHoverTest">
        <test-method is-config="true" signature="setUp()[pri:0, instance:Tests.TC12_MouseHoverTest@510f3d34]" started-at="2026-06-13T22:15:12 IST" name="setUp" finished-at="2026-06-13T22:15:27 IST" duration-ms="14259" status="PASS">
          <reporter-output>
          </reporter-output>
        </test-method> <!-- setUp -->
        <test-method signature="TC12_VerifyMouseHover()[pri:12, instance:Tests.TC12_MouseHoverTest@510f3d34]" started-at="2026-06-13T22:15:27 IST" name="TC12_VerifyMouseHover" finished-at="2026-06-13T22:15:29 IST" duration-ms="2173" status="PASS">
          <reporter-output>
          </reporter-output>
        </test-method> <!-- TC12_VerifyMouseHover -->
        <test-method is-config="true" signature="tearDown()[pri:0, instance:Tests.TC12_MouseHoverTest@510f3d34]" started-at="2026-06-13T22:15:29 IST" name="tearDown" finished-at="2026-06-13T22:15:29 IST" duration-ms="0" status="PASS">
          <reporter-output>
          </reporter-output>
        </test-method> <!-- tearDown -->
      </class> <!-- Tests.TC12_MouseHoverTest -->
      <class name="Tests.TC11_BrowserTabTest">
        <test-method is-config="true" signature="setUp()[pri:0, instance:Tests.TC11_BrowserTabTest@61322f9d]" started-at="2026-06-13T22:14:43 IST" name="setUp" finished-at="2026-06-13T22:14:51 IST" duration-ms="7696" status="PASS">
          <reporter-output>
          </reporter-output>
        </test-method> <!-- setUp -->
        <test-method signature="TC11_VerifyBrowserTabHandling()[pri:11, instance:Tests.TC11_BrowserTabTest@61322f9d]" started-at="2026-06-13T22:14:51 IST" name="TC11_VerifyBrowserTabHandling" finished-at="2026-06-13T22:14:57 IST" duration-ms="6244" status="PASS">
          <reporter-output>
          </reporter-output>
        </test-method> <!-- TC11_VerifyBrowserTabHandling -->
        <test-method is-config="true" signature="tearDown()[pri:0, instance:Tests.TC11_BrowserTabTest@61322f9d]" started-at="2026-06-13T22:14:57 IST" name="tearDown" finished-at="2026-06-13T22:14:57 IST" duration-ms="0" status="PASS">
          <reporter-output>
          </reporter-output>
        </test-method> <!-- tearDown -->
      </class> <!-- Tests.TC11_BrowserTabTest -->
      <class name="Tests.TC14_DragAndDropTest">
        <test-method is-config="true" signature="setUp()[pri:0, instance:Tests.TC14_DragAndDropTest@8297b3a]" started-at="2026-06-13T22:15:35 IST" name="setUp" finished-at="2026-06-13T22:15:50 IST" duration-ms="14825" status="PASS">
          <reporter-output>
          </reporter-output>
        </test-method> <!-- setUp -->
        <test-method signature="TC14_VerifyDragAndDropAction()[pri:14, instance:Tests.TC14_DragAndDropTest@8297b3a]" started-at="2026-06-13T22:15:50 IST" name="TC14_VerifyDragAndDropAction" finished-at="2026-06-13T22:15:53 IST" duration-ms="2290" status="PASS">
          <reporter-output>
          </reporter-output>
        </test-method> <!-- TC14_VerifyDragAndDropAction -->
        <test-method is-config="true" signature="tearDown()[pri:0, instance:Tests.TC14_DragAndDropTest@8297b3a]" started-at="2026-06-13T22:15:53 IST" name="tearDown" finished-at="2026-06-13T22:15:53 IST" duration-ms="0" status="PASS">
          <reporter-output>
          </reporter-output>
        </test-method> <!-- tearDown -->
      </class> <!-- Tests.TC14_DragAndDropTest -->
      <class name="Tests.TC16_MultipleFileUploadTest">
        <test-method is-config="true" signature="setUp()[pri:0, instance:Tests.TC16_MultipleFileUploadTest@7817fd62]" started-at="2026-06-13T22:15:29 IST" name="setUp" finished-at="2026-06-13T22:15:33 IST" duration-ms="4601" status="PASS">
          <reporter-output>
          </reporter-output>
        </test-method> <!-- setUp -->
        <test-method signature="TC16_VerifyMultipleFileUpload()[pri:16, instance:Tests.TC16_MultipleFileUploadTest@7817fd62]" started-at="2026-06-13T22:15:33 IST" name="TC16_VerifyMultipleFileUpload" finished-at="2026-06-13T22:15:35 IST" duration-ms="2063" status="PASS">
          <reporter-output>
          </reporter-output>
        </test-method> <!-- TC16_VerifyMultipleFileUpload -->
        <test-method is-config="true" signature="tearDown()[pri:0, instance:Tests.TC16_MultipleFileUploadTest@7817fd62]" started-at="2026-06-13T22:15:35 IST" name="tearDown" finished-at="2026-06-13T22:15:35 IST" duration-ms="1" status="PASS">
          <reporter-output>
          </reporter-output>
        </test-method> <!-- tearDown -->
      </class> <!-- Tests.TC16_MultipleFileUploadTest -->
      <class name="Tests.TC19_DynamicTableTest">
        <test-method is-config="true" signature="setUp()[pri:0, instance:Tests.TC19_DynamicTableTest@4c178a76]" started-at="2026-06-13T22:16:09 IST" name="setUp" finished-at="2026-06-13T22:16:30 IST" duration-ms="20779" status="PASS">
          <reporter-output>
          </reporter-output>
        </test-method> <!-- setUp -->
        <test-method signature="TC19_VerifyDynamicWebTable()[pri:19, instance:Tests.TC19_DynamicTableTest@4c178a76]" started-at="2026-06-13T22:16:30 IST" name="TC19_VerifyDynamicWebTable" finished-at="2026-06-13T22:16:32 IST" duration-ms="2040" status="PASS">
          <reporter-output>
          </reporter-output>
        </test-method> <!-- TC19_VerifyDynamicWebTable -->
        <test-method is-config="true" signature="tearDown()[pri:0, instance:Tests.TC19_DynamicTableTest@4c178a76]" started-at="2026-06-13T22:16:32 IST" name="tearDown" finished-at="2026-06-13T22:16:32 IST" duration-ms="1" status="PASS">
          <reporter-output>
          </reporter-output>
        </test-method> <!-- tearDown -->
      </class> <!-- Tests.TC19_DynamicTableTest -->
      <class name="Tests.TC20_PaginationTableTest">
        <test-method is-config="true" signature="setUp()[pri:0, instance:Tests.TC20_PaginationTableTest@6ad82709]" started-at="2026-06-13T22:14:57 IST" name="setUp" finished-at="2026-06-13T22:15:04 IST" duration-ms="6642" status="PASS">
          <reporter-output>
          </reporter-output>
        </test-method> <!-- setUp -->
        <test-method signature="TC20_VerifyPaginationTable()[pri:20, instance:Tests.TC20_PaginationTableTest@6ad82709]" started-at="2026-06-13T22:15:04 IST" name="TC20_VerifyPaginationTable" finished-at="2026-06-13T22:15:12 IST" duration-ms="8367" status="PASS">
          <reporter-output>
          </reporter-output>
        </test-method> <!-- TC20_VerifyPaginationTable -->
        <test-method is-config="true" signature="tearDown()[pri:0, instance:Tests.TC20_PaginationTableTest@6ad82709]" started-at="2026-06-13T22:15:12 IST" name="tearDown" finished-at="2026-06-13T22:15:12 IST" duration-ms="0" status="PASS">
          <reporter-output>
          </reporter-output>
        </test-method> <!-- tearDown -->
      </class> <!-- Tests.TC20_PaginationTableTest -->
      <class name="Tests.TC18_StaticTableTest">
        <test-method is-config="true" signature="setUp()[pri:0, instance:Tests.TC18_StaticTableTest@544fa968]" started-at="2026-06-13T22:17:00 IST" name="setUp" finished-at="2026-06-13T22:17:16 IST" duration-ms="15927" status="PASS">
          <reporter-output>
          </reporter-output>
        </test-method> <!-- setUp -->
        <test-method signature="TC18_VerifyStaticWebTable()[pri:18, instance:Tests.TC18_StaticTableTest@544fa968]" started-at="2026-06-13T22:17:16 IST" name="TC18_VerifyStaticWebTable" finished-at="2026-06-13T22:17:18 IST" duration-ms="2026" status="PASS">
          <reporter-output>
          </reporter-output>
        </test-method> <!-- TC18_VerifyStaticWebTable -->
        <test-method is-config="true" signature="tearDown()[pri:0, instance:Tests.TC18_StaticTableTest@544fa968]" started-at="2026-06-13T22:17:18 IST" name="tearDown" finished-at="2026-06-13T22:17:18 IST" duration-ms="0" status="PASS">
          <reporter-output>
          </reporter-output>
        </test-method> <!-- tearDown -->
      </class> <!-- Tests.TC18_StaticTableTest -->
    </test> <!-- Test -->
  </suite> <!-- Suite -->
</testng-results>
